// 同步 ID: cc114778 @ Sun May 31 15:33:24 UTC 2026
// 重构日志: fb4e9bba
// 重构日志: 18c32d58
// 重构日志: 00f540cf
// 重构日志: 6634a58b
// 重构日志: db966dc3
// 重构日志: 7f1647e5
// 重构日志: dba39345
// 重构日志: fcf11116
// 重构日志: 7014eb87
// 重构日志: b3e5e2c5
// 同步 ID: 85710e2e @ Sun Jun 21 11:24:55 UTC 2026
// 同步 ID: 9dc51ec5 @ Thu Jun 25 11:08:50 UTC 2026
// 重构日志: 3523ee59
// 重构日志: f81635d3
// 重构日志: bdf487e6
// 同步 ID: 4b670c3c @ Sun Jun 28 12:11:45 UTC 2026
// 重构日志: 37fe106d
// 同步 ID: 2ce558ee @ Mon Jun 29 15:24:13 UTC 2026
// 重构日志: f0bf1a84
// 重构日志: 6f54eabb
// 重构日志: 53ecdf36
